2025-11-28 07:19:18.270 [main] INFO  [zygkUaaApplication:55] Starting zygkUaaApplication using Java 1.8.0_342 on 94e9f13eaa9b with PID 1 (/app/zygk-external-system.jar started by root in /app)
2025-11-28 07:19:18.274 [main] INFO  [zygkUaaApplication:638] The following 3 profiles are active: "datasource", "isc", "dev"
2025-11-28 07:19:20.304 [main] INFO  [TomcatWebServer:108] Tomcat initialized with port(s): 19530 (http)
2025-11-28 07:19:20.317 [main] INFO  [StandardService:173] Starting service [Tomcat]
2025-11-28 07:19:20.318 [main] INFO  [StandardEngine:173] Starting Servlet engine: [Apache Tomcat/9.0.83]
2025-11-28 07:19:20.389 [main] INFO  [[/js-zygk-uaa]:173] Initializing Spring embedded WebApplicationContext
2025-11-28 07:19:20.389 [main] INFO  [ServletWebServerApplicationContext:292] Root WebApplicationContext: initialization completed in 2027 ms
2025-11-28 07:19:22.158 [main] INFO  [DefaultSecurityFilterChain:55] Will secure Or [Ant [pattern='/oauth/token'], Ant [pattern='/oauth/token_key'], Ant [pattern='/oauth/check_token']] with [org.springframework.security.web.session.DisableEncodeUrlFilter@7c37508a, org.springframework.security.web.context.request.async.WebAsyncManagerIntegrationFilter@247310d0, org.springframework.security.web.context.SecurityContextPersistenceFilter@7a35b0f5, org.springframework.security.web.header.HeaderWriterFilter@18271936, org.springframework.security.web.authentication.logout.LogoutFilter@33bc72d1, org.springframework.security.oauth2.provider.client.ClientCredentialsTokenEndpointFilter@4681c175, org.springframework.security.web.authentication.www.BasicAuthenticationFilter@59402b8f, org.springframework.security.web.savedrequest.RequestCacheAwareFilter@2cb4893b, org.springframework.security.web.servletapi.SecurityContextHolderAwareRequestFilter@5b218417, org.springframework.security.web.authentication.AnonymousAuthenticationFilter@1033576a, org.springframework.security.web.session.SessionManagementFilter@8458f04, org.springframework.security.web.access.ExceptionTranslationFilter@5f049ea1, org.springframework.security.web.access.intercept.FilterSecurityInterceptor@4d1c005e]
2025-11-28 07:19:22.735 [main] INFO  [TomcatWebServer:220] Tomcat started on port(s): 19530 (http) with context path '/js-zygk-uaa'
2025-11-28 07:19:22.755 [main] INFO  [zygkUaaApplication:61] Started zygkUaaApplication in 5.2 seconds (JVM running for 5.794)
2025-11-28 07:34:08.369 [main] INFO  [zygkUaaApplication:55] Starting zygkUaaApplication using Java 1.8.0_342 on 75d2492aaad1 with PID 1 (/app/zygk-external-system.jar started by root in /app)
2025-11-28 07:34:08.374 [main] INFO  [zygkUaaApplication:638] The following 3 profiles are active: "datasource", "isc", "dev"
2025-11-28 07:34:10.473 [main] INFO  [TomcatWebServer:108] Tomcat initialized with port(s): 19530 (http)
2025-11-28 07:34:10.485 [main] INFO  [StandardService:173] Starting service [Tomcat]
2025-11-28 07:34:10.485 [main] INFO  [StandardEngine:173] Starting Servlet engine: [Apache Tomcat/9.0.83]
2025-11-28 07:34:10.559 [main] INFO  [[/js-zygk-uaa]:173] Initializing Spring embedded WebApplicationContext
2025-11-28 07:34:10.559 [main] INFO  [ServletWebServerApplicationContext:292] Root WebApplicationContext: initialization completed in 2088 ms
2025-11-28 07:34:12.300 [main] INFO  [DefaultSecurityFilterChain:55] Will secure Or [Ant [pattern='/oauth/token'], Ant [pattern='/oauth/token_key'], Ant [pattern='/oauth/check_token']] with [org.springframework.security.web.session.DisableEncodeUrlFilter@7c37508a, org.springframework.security.web.context.request.async.WebAsyncManagerIntegrationFilter@247310d0, org.springframework.security.web.context.SecurityContextPersistenceFilter@7a35b0f5, org.springframework.security.web.header.HeaderWriterFilter@18271936, org.springframework.security.web.authentication.logout.LogoutFilter@33bc72d1, org.springframework.security.oauth2.provider.client.ClientCredentialsTokenEndpointFilter@4681c175, org.springframework.security.web.authentication.www.BasicAuthenticationFilter@59402b8f, org.springframework.security.web.savedrequest.RequestCacheAwareFilter@2cb4893b, org.springframework.security.web.servletapi.SecurityContextHolderAwareRequestFilter@5b218417, org.springframework.security.web.authentication.AnonymousAuthenticationFilter@1033576a, org.springframework.security.web.session.SessionManagementFilter@8458f04, org.springframework.security.web.access.ExceptionTranslationFilter@5f049ea1, org.springframework.security.web.access.intercept.FilterSecurityInterceptor@4d1c005e]
2025-11-28 07:34:13.118 [main] INFO  [TomcatWebServer:220] Tomcat started on port(s): 19530 (http) with context path '/js-zygk-uaa'
2025-11-28 07:34:13.137 [main] INFO  [zygkUaaApplication:61] Started zygkUaaApplication in 5.487 seconds (JVM running for 6.061)
